app/build/outputs/logs/manifest-merger-debug-report.txt
-- Merging decision tree log ---
manifest
ADDED from src/main/AndroidManifest.xml:2:1-81:12
	package
		ADDED from src/main/AndroidManifest.xml:3:5-38
		INJECTED from src/main/AndroidManifest.xml
		INJECTED from src/main/AndroidManifest.xml
	android:versionName
		ADDED from src/main/AndroidManifest.xml:5:5-30
	android:versionCode
		ADDED from src/main/AndroidManifest.xml:4:5-28
		INJECTED from src/main/AndroidManifest.xml
		INJECTED from src/main/AndroidManifest.xml
	xmlns:android
		ADDED from src/main/AndroidManifest.xml:2:11-69
uses-permission#android.permission.GET_TASKS
ADDED from src/main/AndroidManifest.xml:9:5-68
	android:name
		ADDED from src/main/AndroidManifest.xml:9:22-65
application
ADDED from src/main/AndroidManifest.xml:13:5-79:19
MERGED from [com.android.support:gridlayout-v7:18.0.0] AndroidManifest.xml:19:5-20
	android:label
		ADDED from src/main/AndroidManifest.xml:20:9-41
	android:hardwareAccelerated
		ADDED from src/main/AndroidManifest.xml:16:9-44
	android:allowBackup
		ADDED from src/main/AndroidManifest.xml:15:9-35
	android:icon
		ADDED from src/main/AndroidManifest.xml:19:9-45
	android:largeHeap
		ADDED from src/main/AndroidManifest.xml:17:9-33
	android:theme
		ADDED from src/main/AndroidManifest.xml:21:9-40
	android:name
		ADDED from src/main/AndroidManifest.xml:14:9-37
activity#com.example.androidtest.Splash
ADDED from src/main/AndroidManifest.xml:22:9-29:20
	android:label
		ADDED from src/main/AndroidManifest.xml:24:13-45
	android:name
		ADDED from src/main/AndroidManifest.xml:23:13-35
intent-filter#android.intent.action.MAIN+android.intent.category.LAUNCHER
ADDED from src/main/AndroidManifest.xml:25:13-28:29
action#android.intent.action.MAIN
ADDED from src/main/AndroidManifest.xml:26:17-69
	android:name
		ADDED from src/main/AndroidManifest.xml:26:25-66
category#android.intent.category.LAUNCHER
ADDED from src/main/AndroidManifest.xml:27:17-77
	android:name
		ADDED from src/main/AndroidManifest.xml:27:27-74
activity#com.example.androidtest.First
ADDED from src/main/AndroidManifest.xml:30:9-35:20
	android:label
		ADDED from src/main/AndroidManifest.xml:32:13-45
	android:parentActivityName
		ADDED from src/main/AndroidManifest.xml:33:13-51
	android:exported
		ADDED from src/main/AndroidManifest.xml:34:13-37
	android:name
		ADDED from src/main/AndroidManifest.xml:31:13-34
activity#com.example.androidtest.Register
ADDED from src/main/AndroidManifest.xml:37:9-41:20
	android:label
		ADDED from src/main/AndroidManifest.xml:39:13-45
	android:exported
		ADDED from src/main/AndroidManifest.xml:40:13-37
	android:name
		ADDED from src/main/AndroidManifest.xml:38:13-37
activity#com.example.androidtest.Count
ADDED from src/main/AndroidManifest.xml:43:9-48:20
	android:label
		ADDED from src/main/AndroidManifest.xml:45:13-45
	android:parentActivityName
		ADDED from src/main/AndroidManifest.xml:46:13-51
	android:exported
		ADDED from src/main/AndroidManifest.xml:47:13-37
	android:name
		ADDED from src/main/AndroidManifest.xml:44:13-34
activity#com.example.androidtest.Back
ADDED from src/main/AndroidManifest.xml:50:9-54:20
	android:label
		ADDED from src/main/AndroidManifest.xml:52:13-45
	android:exported
		ADDED from src/main/AndroidManifest.xml:53:13-37
	android:name
		ADDED from src/main/AndroidManifest.xml:51:13-33
activity#com.example.androidtest.Sign
ADDED from src/main/AndroidManifest.xml:56:9-60:20
	android:label
		ADDED from src/main/AndroidManifest.xml:58:13-45
	android:exported
		ADDED from src/main/AndroidManifest.xml:59:13-37
	android:name
		ADDED from src/main/AndroidManifest.xml:57:13-33
activity#com.example.androidtest.Account
ADDED from src/main/AndroidManifest.xml:62:9-66:20
	android:label
		ADDED from src/main/AndroidManifest.xml:64:13-45
	android:exported
		ADDED from src/main/AndroidManifest.xml:65:13-37
	android:name
		ADDED from src/main/AndroidManifest.xml:63:13-36
activity#com.example.androidtest.Graph
ADDED from src/main/AndroidManifest.xml:69:9-73:20
	android:label
		ADDED from src/main/AndroidManifest.xml:71:13-45
	android:exported
		ADDED from src/main/AndroidManifest.xml:72:13-37
	android:name
		ADDED from src/main/AndroidManifest.xml:70:13-34
service#com.example.androidtest.ActivityList
ADDED from src/main/AndroidManifest.xml:75:9-77:19
	android:enabled
		ADDED from src/main/AndroidManifest.xml:75:70-92
	android:exported
		ADDED from src/main/AndroidManifest.xml:75:93-116
	android:name
		ADDED from src/main/AndroidManifest.xml:75:18-69
uses-sdk
INJECTED from src/main/AndroidManifest.xml reason: use-sdk injection requested
MERGED from [com.android.support:multidex:1.0.1] AndroidManifest.xml:18:5-42
MERGED from [com.android.support:gridlayout-v7:18.0.0] AndroidManifest.xml:18:5-42
	android:targetSdkVersion
		INJECTED from src/main/AndroidManifest.xml
		INJECTED from src/main/AndroidManifest.xml
	android:minSdkVersion
		INJECTED from src/main/AndroidManifest.xml
		INJECTED from src/main/AndroidManifest.xml